6 5 4 3 4 3 2 3 4 5 4 4 3 2 2 3 3 2 2 3 2 1 1 1 10 10 1 10 10 10 1 10 9 9 10 10 10 9 8 8 8 7 6 6 6 5 4 3 3 3 2 3 4 3 2 1 10 1 1 1 1 10 1 10 9 9 8 8 8 8 9 10 10 9 8 7 7 8 9 10 1 2 3 4 4 4 4 5 6 7 8 9 9 9 8 9 10 9 9 8
-121492322605
6 5 5 5 4 5 6 5 4 4 4 4 3 3 3 2 2 2 1 2 2 3 2 3 3 3 2 3 3 3 4 5 4 5 6 7 8 9 8 8 7 8 7 8 9 9 9 8 8 9 10 1 2 3 3 2 3 4 4 3 2 1 1 2 3 3 4 3 4 4 4 3 2 3 2 1 10 1 2 2 1 1 10 9 8 8 9 9 8 7 8 8 9 8 8 8 7 8 9 8
-132125731608
3 3 3 2 1 2 3 4 5 6 7 7 7 8 7 6 7 7 8 8 9 10 10 10 10 1 1 1 10 9 9 10 1 2 2 2 3 3 3 4 5 6 5 6 5 6 6 5 4 3 3 3 4 5 5 6 7 7 8 8 9 9 9 8 8 8 9 9 10 1 1 2 1 2 3 4 5 4 4 3 3 3 4 5 6 7 8 7 7 8 7 6 6 7 8 8 8 7 8 9
-133826478253
1 2 1 1 10 1 10 1 1 1 2 2 3 3 4 4 5 6 6 5 4 5 4 4 3 2 1 2 2 1 10 10 1 10 1 2 1 2 3 3 2 1 1 1 1 10 10 9 8 9 9 10 9 9 10 9 9 9 8 8 7 7 6 5 5 5 4 3 2 1 2 2 2 1 2 3 3 3 4 3 3 3 4 5 6 7 7 6 7 6 6 6 7 7 8 9 10 10 10 1
-127200105465
8 8 7 8 9 10 9 9 8 7 7 7 8 8 9 9 9 9 8 9 9 10 1 10 10 1 2 2 1 10 9 8 7 7 8 8 7 8 8 9 8 9 10 1 2 2 1 10 10 9 9 10 1 10 10 9 8 8 9 8 7 6 6 5 4 3 2 3 4 4 4 5 5 5 5 5 5 6 7 7 6 6 6 6 5 6 6 6 7 8 8 8 8 8 8 8 8 7 8 8
-138486937123
8 8 7 6 6 5 4 4 4 3 2 3 3 4 5 6 5 4 3 4 3 2 2 2 1 1 10 1 2 3 4 5 6 7 7 7 8 7 8 7 6 7 6 6 5 5 4 5 5 5 4 3 3 2 1 10 10 10 9 10 10 9 9 8 8 7 6 5 5 6 5 4 4 3 2 2 1 1 2 3 3 4 3 4 4 5 6 5 4 3 2 3 2 1 1 1 2 2 1 10
-129782633036
3 2 3 2 2 1 10 10 1 1 2 2 2 1 2 2 2 3 3 3 4 5 6 6 7 7 6 5 6 7 6 5 4 3 4 3 2 3 3 4 5 4 5 6 7 8 9 10 9 9 10 9 8 9 10 10 9 9 8 7 6 7 8 9 9 8 9 10 9 8 9 10 9 9 8 9 9 9 8 8 7 6 7 8 8 8 7 6 5 6 5 5 5 5 6 6 7 6 6 6
-135985059074
2 3 4 4 5 6 6 5 6 5 6 6 7 8 8 9 8 9 10 1 10 1 2 2 3 3 2 2 3 4 5 5 6 5 5 6 7 8 7 6 6 7 8 7 6 6 5 6 6 5 4 3 2 2 1 2 1 10 1 10 1 10 9 10 1 10 10 9 10 1 10 9 8 7 8 7 8 8 9 9 10 10 1 2 3 4 5 6 7 8 8 8 8 8 7 8 9 10 10 1
-136483399201
5 6 5 6 7 6 7 6 6 5 6 7 7 7 8 9 8 9 10 1 1 1 10 10 9 8 7 7 6 5 6 5 4 4 5 5 5 5 6 6 5 6 6 7 6 5 6 7 6 6 6 7 7 8 9 10 1 10 9 8 9 10 10 10 1 10 10 10 1 2 3 4 3 4 4 5 6 6 5 4 3 4 5 6 7 8 9 9 8 8 7 6 7 6 7 6 7 6 7 6
-125248110765
8 9 10 9 9 8 7 6 6 6 7 8 7 7 8 7 6 5 5 4 4 4 4 4 3 4 4 5 6 5 4 4 5 6 6 6 7 6 5 4 3 4 4 3 4 5 6 5 6 6 7 6 7 6 6 6 7 6 5 4 3 2 1 10 10 10 10 10 9 9 10 9 8 7 8 9 8 7 6 5 6 7 8 7 7 8 9 9 8 8 7 7 7 7 8 9 10 10 1 10
-128266968831
9 8 7 6 7 8 9 10 10 9 8 8 9 8 9 10 10 1 2 1 2 1 1 10 10 1 1 1 1 10 1 10 1 10 9 10 10 1 2 1 10 10 9 9 8 8 8 9 8 7 7 8 9 9 10 1 2 2 3 4 4 5 6 5 6 7 7 7 7 8 7 7 7 8 7 6 6 6 6 5 5 4 4 3 4 4 4 4 5 5 6 5 6 7 8 9 10 9 9 10
-133667151784
